<?xml version="1.0" encoding="UTF-8"?>
<!-- Generated by org.testng.reporters.JUnitReportReporter -->
<testsuite skipped="0" hostname="DESKTOP-CI2T2L0" name="com.employeeapi.testCases.TC005_Delete_Employee_Record" tests="6" failures="0" timestamp="14 Jun 2019 03:45:39 GMT" time="0.002" errors="0">
  <testcase name="checkserverType" time="0.000" classname="com.employeeapi.testCases.TC005_Delete_Employee_Record"/>
  <testcase name="checkstatusLine" time="0.000" classname="com.employeeapi.testCases.TC005_Delete_Employee_Record"/>
  <testcase name="checkContentType" time="0.000" classname="com.employeeapi.testCases.TC005_Delete_Employee_Record"/>
  <testcase name="checkResposeBody" time="0.001" classname="com.employeeapi.testCases.TC005_Delete_Employee_Record"/>
  <testcase name="checkcontentEncoding" time="0.000" classname="com.employeeapi.testCases.TC005_Delete_Employee_Record"/>
  <testcase name="checkStatusCode" time="0.001" classname="com.employeeapi.testCases.TC005_Delete_Employee_Record"/>
</testsuite> <!-- com.employeeapi.testCases.TC005_Delete_Employee_Record -->
